<?xml version="1.0" encoding="UTF-8"?>
<testsuite name="Test2" tests="1" skipped="0" failures="0" errors="0" timestamp="2020-06-13T19:05:37" hostname="MacBook-Pro-Nikita.local" time="2.524">
  <properties/>
  <testcase name="test2" classname="Test2" time="2.524"/>
  <system-out><![CDATA[]]></system-out>
  <system-err><![CDATA[]]></system-err>
</testsuite>
